[2023-12-10 18:43:22,726]: creating empty file: params.yaml
[2023-12-10 18:43:22,726]: creating empty file: Dockerfile
[2023-12-10 18:43:22,726]: creating directory: .github/wordflows for the file .gitkeep
[2023-12-10 18:43:22,726]: creating empty file: .github/wordflows/.gitkeep
[2023-12-10 18:43:22,727]: creating directory: src/TextSummerizer/config for the file configuration.py
[2023-12-10 18:43:22,727]: creating empty file: src/TextSummerizer/config/configuration.py
[2023-12-10 18:43:22,727]: creating directory: src/TextSummerizer/pipeline for the file __init__.py
[2023-12-10 18:43:22,727]: creating empty file: src/TextSummerizer/pipeline/__init__.py
[2023-12-10 18:43:22,727]: creating directory: src/TextSummerizer/components for the file __init__.py
[2023-12-10 18:43:22,727]: creating empty file: src/TextSummerizer/components/__init__.py
[2023-12-10 18:43:22,728]: creating empty file: setup.py
[2023-12-10 18:43:22,728]: creating directory: src/TextSummerizer/utils for the file common.py
[2023-12-10 18:43:22,728]: creating empty file: src/TextSummerizer/utils/common.py
[2023-12-10 18:43:22,728]: creating directory: src/TextSummerizer/logging for the file __init__.py
[2023-12-10 18:43:22,728]: creating empty file: src/TextSummerizer/logging/__init__.py
[2023-12-10 18:43:22,728]: creating empty file: app.py
[2023-12-10 18:43:22,729]: creating directory: src/TextSummerizer/constants for the file __init__.py
[2023-12-10 18:43:22,729]: creating empty file: src/TextSummerizer/constants/__init__.py
[2023-12-10 18:43:22,729]: creating empty file: requirements.txt
[2023-12-10 18:43:22,729]: creating directory: src/TextSummerizer/utils for the file __init__.py
[2023-12-10 18:43:22,729]: creating empty file: src/TextSummerizer/utils/__init__.py
[2023-12-10 18:43:22,729]: creating empty file: main.py
[2023-12-10 18:43:22,730]: creating directory: research for the file trails.ipynb
[2023-12-10 18:43:22,730]: creating empty file: research/trails.ipynb
[2023-12-10 18:43:22,730]: creating directory: config for the file config.yaml
[2023-12-10 18:43:22,730]: creating empty file: config/config.yaml
[2023-12-10 18:43:22,730]: creating directory: src/TextSummerizer for the file __init__.py
[2023-12-10 18:43:22,730]: creating empty file: src/TextSummerizer/__init__.py
[2023-12-10 18:43:22,730]: creating directory: src/TextSummerizer/config for the file __init__.py
[2023-12-10 18:43:22,730]: creating empty file: src/TextSummerizer/config/__init__.py
[2023-12-10 18:46:02,823]: creating empty file: Dockerfile
[2023-12-10 18:46:02,824]: creating directory: .github/wordflows for the file .gitkeep
[2023-12-10 18:46:02,824]: creating empty file: .github/wordflows/.gitkeep
[2023-12-10 18:46:02,824]: creating directory: research for the file trails.ipynb
[2023-12-10 18:46:02,825]: creating empty file: research/trails.ipynb
[2023-12-10 18:46:02,825]: creating empty file: test.py
[2023-12-10 18:46:02,825]: creating directory: src/TextSummerizer/utils for the file __init__.py
[2023-12-10 18:46:02,825]: creating empty file: src/TextSummerizer/utils/__init__.py
[2023-12-10 18:46:02,825]: creating empty file: params.yaml
[2023-12-10 18:46:02,826]: creating directory: src/TextSummerizer/constants for the file __init__.py
[2023-12-10 18:46:02,826]: creating empty file: src/TextSummerizer/constants/__init__.py
[2023-12-10 18:46:02,826]: creating directory: src/TextSummerizer/logging for the file __init__.py
[2023-12-10 18:46:02,826]: creating empty file: src/TextSummerizer/logging/__init__.py
[2023-12-10 18:46:02,826]: creating empty file: app.py
[2023-12-10 18:46:02,827]: creating empty file: setup.py
[2023-12-10 18:46:02,827]: creating directory: config for the file config.yaml
[2023-12-10 18:46:02,827]: creating empty file: config/config.yaml
[2023-12-10 18:46:02,828]: creating directory: src/TextSummerizer/pipeline for the file __init__.py
[2023-12-10 18:46:02,828]: creating empty file: src/TextSummerizer/pipeline/__init__.py
[2023-12-10 18:46:02,828]: creating directory: src/TextSummerizer/components for the file __init__.py
[2023-12-10 18:46:02,828]: creating empty file: src/TextSummerizer/components/__init__.py
[2023-12-10 18:46:02,829]: creating directory: src/TextSummerizer/config for the file configuration.py
[2023-12-10 18:46:02,829]: creating empty file: src/TextSummerizer/config/configuration.py
[2023-12-10 18:46:02,829]: creating directory: src/TextSummerizer for the file __init__.py
[2023-12-10 18:46:02,829]: creating empty file: src/TextSummerizer/__init__.py
[2023-12-10 18:46:02,829]: creating directory: src/TextSummerizer/utils for the file common.py
[2023-12-10 18:46:02,830]: creating empty file: src/TextSummerizer/utils/common.py
[2023-12-10 18:46:02,830]: creating empty file: requirements.txt
[2023-12-10 18:46:02,830]: creating empty file: main.py
[2023-12-10 18:46:02,830]: creating directory: src/TextSummerizer/config for the file __init__.py
[2023-12-10 18:46:02,830]: creating empty file: src/TextSummerizer/config/__init__.py
