[2023-12-11 01:03:33,832: INFO: main: Welcome to our custom log]
[2023-12-16 15:53:19,385: ERROR: 3766075700: An unexpected error occurred: module 'yaml' has no attribute 'read']
[2023-12-16 15:56:00,559: ERROR: 3766075700: An unexpected error occurred: module 'yaml' has no attribute 'read']
[2023-12-16 15:57:36,355: ERROR: 3766075700: An unexpected error occurred: module 'yaml' has no attribute 'read']
[2023-12-16 16:05:17,698: INFO: common: YAML file 'config/config.yaml' loaded successfully]
[2023-12-16 16:05:17,700: INFO: common: YAML file 'params.yaml' loaded successfully]
[2023-12-16 16:05:17,702: INFO: common: Created directory at: artifacts]
[2023-12-16 16:05:17,704: INFO: common: Created directory at: artifacts/data_ingestion][2023-12-16 17:57:04,277: INFO: main: >>>> stage Data Ingestion stage started]
[2023-12-16 17:57:04,279: INFO: common: YAML file 'config/config.yaml' loaded successfully]
[2023-12-16 17:57:04,279: INFO: common: YAML file 'params.yaml' loaded successfully]
[2023-12-16 17:57:04,279: INFO: common: Created directory at: artifacts]
[2023-12-16 17:57:04,279: INFO: common: Created directory at: artifacts/data_ingestion]
[2023-12-16 17:57:07,594: INFO: data_ingestion: artifacts/data_ingestion/data.zip download! with following info: 
Connection: close
Content-Length: 2921524
Cache-Control: max-age=300
Content-Security-Policy: default-src 'none'; style-src 'unsafe-inline'; sandbox
Content-Type: application/zip
ETag: "fbe918fb1572099ee34a7293bd45169b37f341131d960ece93912f42304abf63"
Strict-Transport-Security: max-age=31536000
X-Content-Type-Options: nosniff
X-Frame-Options: deny
X-XSS-Protection: 1; mode=block
X-GitHub-Request-Id: A86A:16B32:8EEC95:9C5C91:657D97BC
Accept-Ranges: bytes
Date: Sat, 16 Dec 2023 12:27:42 GMT
Via: 1.1 varnish
X-Served-By: cache-bom4738-BOM
X-Cache: MISS
X-Cache-Hits: 0
X-Timer: S1702729662.822874,VS0,VE501
Vary: Authorization,Accept-Encoding,Origin
Access-Control-Allow-Origin: *
Cross-Origin-Resource-Policy: cross-origin
X-Fastly-Request-ID: 0b2e20e39f1bf71b6c8481fb8cb2ba013ecabe00
Expires: Sat, 16 Dec 2023 12:32:42 GMT
Source-Age: 0

]
[2023-12-16 17:57:07,675: INFO: main: >>>> stage Data Ingestion stage completed <<<<<<<<<<<<

 x===========x]
